[0.008s] Invoking command in '/home/iryuu/ros2_ws/build/keyence_plc_driver': CMAKE_PREFIX_PATH=/opt/ros/humble:${CMAKE_PREFIX_PATH} /usr/bin/cmake --build /home/iryuu/ros2_ws/build/keyence_plc_driver -- -j20 -l20
[0.052s] Built target ament_cmake_python_copy_keyence_plc_ethernet_driver
[0.197s] running egg_info
[0.197s] writing keyence_plc_ethernet_driver.egg-info/PKG-INFO
[0.197s] writing dependency_links to keyence_plc_ethernet_driver.egg-info/dependency_links.txt
[0.197s] writing top-level names to keyence_plc_ethernet_driver.egg-info/top_level.txt
[0.198s] reading manifest file 'keyence_plc_ethernet_driver.egg-info/SOURCES.txt'
[0.198s] writing manifest file 'keyence_plc_ethernet_driver.egg-info/SOURCES.txt'
[0.215s] Built target ament_cmake_python_build_keyence_plc_ethernet_driver_egg
[0.224s] Invoked command in '/home/iryuu/ros2_ws/build/keyence_plc_driver' returned '0': CMAKE_PREFIX_PATH=/opt/ros/humble:${CMAKE_PREFIX_PATH} /usr/bin/cmake --build /home/iryuu/ros2_ws/build/keyence_plc_driver -- -j20 -l20
[0.229s] Invoking command in '/home/iryuu/ros2_ws/build/keyence_plc_driver': CMAKE_PREFIX_PATH=/opt/ros/humble:${CMAKE_PREFIX_PATH} /usr/bin/cmake --install /home/iryuu/ros2_ws/build/keyence_plc_driver
[0.236s] -- Install configuration: ""
[0.236s] -- Up-to-date: /home/iryuu/ros2_ws/install/keyence_plc_driver/share/keyence_plc_driver/environment/pythonpath.sh
[0.236s] -- Up-to-date: /home/iryuu/ros2_ws/install/keyence_plc_driver/share/keyence_plc_driver/environment/pythonpath.dsv
[0.236s] -- Up-to-date: /home/iryuu/ros2_ws/install/keyence_plc_driver/local/lib/python3.10/dist-packages/keyence_plc_ethernet_driver-0.1.0-py3.10.egg-info
[0.236s] -- Installing: /home/iryuu/ros2_ws/install/keyence_plc_driver/local/lib/python3.10/dist-packages/keyence_plc_ethernet_driver-0.1.0-py3.10.egg-info/SOURCES.txt
[0.236s] -- Installing: /home/iryuu/ros2_ws/install/keyence_plc_driver/local/lib/python3.10/dist-packages/keyence_plc_ethernet_driver-0.1.0-py3.10.egg-info/PKG-INFO
[0.236s] -- Installing: /home/iryuu/ros2_ws/install/keyence_plc_driver/local/lib/python3.10/dist-packages/keyence_plc_ethernet_driver-0.1.0-py3.10.egg-info/dependency_links.txt
[0.236s] -- Installing: /home/iryuu/ros2_ws/install/keyence_plc_driver/local/lib/python3.10/dist-packages/keyence_plc_ethernet_driver-0.1.0-py3.10.egg-info/top_level.txt
[0.236s] -- Up-to-date: /home/iryuu/ros2_ws/install/keyence_plc_driver/local/lib/python3.10/dist-packages/keyence_plc_ethernet_driver
[0.236s] -- Up-to-date: /home/iryuu/ros2_ws/install/keyence_plc_driver/local/lib/python3.10/dist-packages/keyence_plc_ethernet_driver/__init__.py
[0.236s] -- Up-to-date: /home/iryuu/ros2_ws/install/keyence_plc_driver/local/lib/python3.10/dist-packages/keyence_plc_ethernet_driver/ethernet_driver.py
[0.258s] Listing '/home/iryuu/ros2_ws/install/keyence_plc_driver/local/lib/python3.10/dist-packages/keyence_plc_ethernet_driver'...
[0.260s] -- Up-to-date: /home/iryuu/ros2_ws/install/keyence_plc_driver/lib/keyence_plc_driver/AGV_control.py
[0.260s] -- Up-to-date: /home/iryuu/ros2_ws/install/keyence_plc_driver/lib/keyence_plc_driver/PLCconncectionProtocol.py
[0.261s] -- Up-to-date: /home/iryuu/ros2_ws/install/keyence_plc_driver/lib/keyence_plc_driver/camera_output_opencv.py
[0.261s] -- Up-to-date: /home/iryuu/ros2_ws/install/keyence_plc_driver/lib/keyence_plc_driver/lrtb2000c_driver.py
[0.261s] -- Up-to-date: /home/iryuu/ros2_ws/install/keyence_plc_driver/lib/keyence_plc_driver/robot_control.py
[0.261s] -- Installing: /home/iryuu/ros2_ws/install/keyence_plc_driver/lib/keyence_plc_driver/ros2_bridge_recv_pc.py
[0.261s] -- Up-to-date: /home/iryuu/ros2_ws/install/keyence_plc_driver/lib/keyence_plc_driver/ros2_bridge_send_pc.py
[0.261s] -- Up-to-date: /home/iryuu/ros2_ws/install/keyence_plc_driver/share/keyence_plc_driver/launch
[0.261s] -- Up-to-date: /home/iryuu/ros2_ws/install/keyence_plc_driver/share/keyence_plc_driver/launch/lrtb2000c.launch
[0.261s] -- Up-to-date: /home/iryuu/ros2_ws/install/keyence_plc_driver/share/keyence_plc_driver/launch/ps4_reader.launch
[0.261s] -- Up-to-date: /home/iryuu/ros2_ws/install/keyence_plc_driver/share/keyence_plc_driver/launch/joint_controller.launch
[0.261s] -- Up-to-date: /home/iryuu/ros2_ws/install/keyence_plc_driver/share/keyence_plc_driver/launch/lrtb2000c.launch.py
[0.261s] -- Up-to-date: /home/iryuu/ros2_ws/install/keyence_plc_driver/share/keyence_plc_driver/package.xml
[0.261s] -- Up-to-date: /home/iryuu/ros2_ws/install/keyence_plc_driver/share/ament_index/resource_index/package_run_dependencies/keyence_plc_driver
[0.261s] -- Up-to-date: /home/iryuu/ros2_ws/install/keyence_plc_driver/share/ament_index/resource_index/parent_prefix_path/keyence_plc_driver
[0.261s] -- Up-to-date: /home/iryuu/ros2_ws/install/keyence_plc_driver/share/keyence_plc_driver/environment/ament_prefix_path.sh
[0.261s] -- Up-to-date: /home/iryuu/ros2_ws/install/keyence_plc_driver/share/keyence_plc_driver/environment/ament_prefix_path.dsv
[0.262s] -- Up-to-date: /home/iryuu/ros2_ws/install/keyence_plc_driver/share/keyence_plc_driver/environment/path.sh
[0.262s] -- Up-to-date: /home/iryuu/ros2_ws/install/keyence_plc_driver/share/keyence_plc_driver/environment/path.dsv
[0.262s] -- Up-to-date: /home/iryuu/ros2_ws/install/keyence_plc_driver/share/keyence_plc_driver/local_setup.bash
[0.262s] -- Up-to-date: /home/iryuu/ros2_ws/install/keyence_plc_driver/share/keyence_plc_driver/local_setup.sh
[0.262s] -- Up-to-date: /home/iryuu/ros2_ws/install/keyence_plc_driver/share/keyence_plc_driver/local_setup.zsh
[0.262s] -- Up-to-date: /home/iryuu/ros2_ws/install/keyence_plc_driver/share/keyence_plc_driver/local_setup.dsv
[0.262s] -- Up-to-date: /home/iryuu/ros2_ws/install/keyence_plc_driver/share/keyence_plc_driver/package.dsv
[0.262s] -- Up-to-date: /home/iryuu/ros2_ws/install/keyence_plc_driver/share/ament_index/resource_index/packages/keyence_plc_driver
[0.262s] -- Up-to-date: /home/iryuu/ros2_ws/install/keyence_plc_driver/share/keyence_plc_driver/cmake/keyence_plc_driverConfig.cmake
[0.262s] -- Up-to-date: /home/iryuu/ros2_ws/install/keyence_plc_driver/share/keyence_plc_driver/cmake/keyence_plc_driverConfig-version.cmake
[0.262s] -- Up-to-date: /home/iryuu/ros2_ws/install/keyence_plc_driver/share/keyence_plc_driver/package.xml
[0.263s] Invoked command in '/home/iryuu/ros2_ws/build/keyence_plc_driver' returned '0': CMAKE_PREFIX_PATH=/opt/ros/humble:${CMAKE_PREFIX_PATH} /usr/bin/cmake --install /home/iryuu/ros2_ws/build/keyence_plc_driver
