[0.004s] Invoking command in '/home/iryuu/ros2_ws/build/keyence_plc_driver': /usr/bin/cmake /home/iryuu/ros2_ws/src/keyence_plc_driver -DCATKIN_INSTALL_INTO_PREFIX_ROOT=0 -DCMAKE_INSTALL_PREFIX=/home/iryuu/ros2_ws/install/keyence_plc_driver
[0.409s] -- The C compiler identification is GNU 11.4.0
[0.821s] -- The CXX compiler identification is GNU 11.4.0
[0.826s] -- Detecting C compiler ABI info
[0.920s] -- Detecting C compiler ABI info - done
[0.928s] -- Check for working C compiler: /usr/bin/cc - skipped
[0.928s] -- Detecting C compile features
[0.929s] -- Detecting C compile features - done
[0.930s] -- Detecting CXX compiler ABI info
[1.012s] -- Detecting CXX compiler ABI info - done
[1.019s] -- Check for working CXX compiler: /usr/bin/c++ - skipped
[1.020s] -- Detecting CXX compile features
[1.020s] -- Detecting CXX compile features - done
[1.028s] [31mCMake Error at CMakeLists.txt:4 (find_package):
[1.028s]   By not providing "Findament_cmake.cmake" in CMAKE_MODULE_PATH this project
[1.028s]   has asked CMake to find a package configuration file provided by
[1.028s]   "ament_cmake", but CMake did not find one.
[1.029s] 
[1.029s]   Could not find a package configuration file provided by "ament_cmake" with
[1.029s]   any of the following names:
[1.029s] 
[1.029s]     ament_cmakeConfig.cmake
[1.029s]     ament_cmake-config.cmake
[1.029s] 
[1.029s]   Add the installation prefix of "ament_cmake" to CMAKE_PREFIX_PATH or set
[1.029s]   "ament_cmake_DIR" to a directory containing one of the above files.  If
[1.029s]   "ament_cmake" provides a separate development package or SDK, be sure it
[1.029s]   has been installed.
[1.029s] 
[1.029s] [0m
[1.029s] -- Configuring incomplete, errors occurred!
[1.029s] See also "/home/iryuu/ros2_ws/build/keyence_plc_driver/CMakeFiles/CMakeOutput.log".
[1.031s] Invoked command in '/home/iryuu/ros2_ws/build/keyence_plc_driver' returned '1': /usr/bin/cmake /home/iryuu/ros2_ws/src/keyence_plc_driver -DCATKIN_INSTALL_INTO_PREFIX_ROOT=0 -DCMAKE_INSTALL_PREFIX=/home/iryuu/ros2_ws/install/keyence_plc_driver
