[0.008s] Invoking command in '/home/iryuu/ros2_ws/build/keyence_plc_driver': CMAKE_PREFIX_PATH=/opt/ros/humble:${CMAKE_PREFIX_PATH} /usr/bin/cmake /home/iryuu/ros2_ws/src/keyence_plc_driver -DCMAKE_INSTALL_PREFIX=/home/iryuu/ros2_ws/install/keyence_plc_driver
[0.478s] -- The C compiler identification is GNU 11.4.0
[0.938s] -- The CXX compiler identification is GNU 11.4.0
[0.950s] -- Detecting C compiler ABI info
[1.032s] -- Detecting C compiler ABI info - done
[1.036s] -- Check for working C compiler: /usr/bin/cc - skipped
[1.037s] -- Detecting C compile features
[1.038s] -- Detecting C compile features - done
[1.042s] -- Detecting CXX compiler ABI info
[1.119s] -- Detecting CXX compiler ABI info - done
[1.124s] -- Check for working CXX compiler: /usr/bin/c++ - skipped
[1.124s] -- Detecting CXX compile features
[1.124s] -- Detecting CXX compile features - done
[1.129s] -- Found ament_cmake: 1.3.13 (/opt/ros/humble/share/ament_cmake/cmake)
[1.246s] -- Found Python3: /usr/bin/python3 (found version "3.10.12") found components: Interpreter 
[1.325s] -- Found rclpy: 3.3.20 (/opt/ros/humble/share/rclpy/cmake)
[1.419s] -- Configuring done
[1.421s] -- Generating done
[1.422s] -- Build files have been written to: /home/iryuu/ros2_ws/build/keyence_plc_driver
[1.425s] Invoked command in '/home/iryuu/ros2_ws/build/keyence_plc_driver' returned '0': CMAKE_PREFIX_PATH=/opt/ros/humble:${CMAKE_PREFIX_PATH} /usr/bin/cmake /home/iryuu/ros2_ws/src/keyence_plc_driver -DCMAKE_INSTALL_PREFIX=/home/iryuu/ros2_ws/install/keyence_plc_driver
[1.426s] Invoking command in '/home/iryuu/ros2_ws/build/keyence_plc_driver': CMAKE_PREFIX_PATH=/opt/ros/humble:${CMAKE_PREFIX_PATH} /usr/bin/cmake --build /home/iryuu/ros2_ws/build/keyence_plc_driver -- -j20 -l20
[1.465s] Built target ament_cmake_python_copy_keyence_plc_ethernet_driver
[1.590s] running egg_info
[1.590s] creating keyence_plc_ethernet_driver.egg-info
[1.590s] writing keyence_plc_ethernet_driver.egg-info/PKG-INFO
[1.590s] writing dependency_links to keyence_plc_ethernet_driver.egg-info/dependency_links.txt
[1.590s] writing top-level names to keyence_plc_ethernet_driver.egg-info/top_level.txt
[1.591s] writing manifest file 'keyence_plc_ethernet_driver.egg-info/SOURCES.txt'
[1.592s] reading manifest file 'keyence_plc_ethernet_driver.egg-info/SOURCES.txt'
[1.592s] writing manifest file 'keyence_plc_ethernet_driver.egg-info/SOURCES.txt'
[1.607s] Built target ament_cmake_python_build_keyence_plc_ethernet_driver_egg
[1.614s] Invoked command in '/home/iryuu/ros2_ws/build/keyence_plc_driver' returned '0': CMAKE_PREFIX_PATH=/opt/ros/humble:${CMAKE_PREFIX_PATH} /usr/bin/cmake --build /home/iryuu/ros2_ws/build/keyence_plc_driver -- -j20 -l20
[1.620s] Invoking command in '/home/iryuu/ros2_ws/build/keyence_plc_driver': CMAKE_PREFIX_PATH=/opt/ros/humble:${CMAKE_PREFIX_PATH} /usr/bin/cmake --install /home/iryuu/ros2_ws/build/keyence_plc_driver
[1.625s] -- Install configuration: ""
[1.625s] -- Installing: /home/iryuu/ros2_ws/install/keyence_plc_driver/share/keyence_plc_driver/environment/pythonpath.sh
[1.625s] -- Installing: /home/iryuu/ros2_ws/install/keyence_plc_driver/share/keyence_plc_driver/environment/pythonpath.dsv
[1.625s] -- Up-to-date: /home/iryuu/ros2_ws/install/keyence_plc_driver/local/lib/python3.10/dist-packages/keyence_plc_ethernet_driver-0.1.0-py3.10.egg-info
[1.625s] -- Installing: /home/iryuu/ros2_ws/install/keyence_plc_driver/local/lib/python3.10/dist-packages/keyence_plc_ethernet_driver-0.1.0-py3.10.egg-info/SOURCES.txt
[1.625s] -- Installing: /home/iryuu/ros2_ws/install/keyence_plc_driver/local/lib/python3.10/dist-packages/keyence_plc_ethernet_driver-0.1.0-py3.10.egg-info/PKG-INFO
[1.625s] -- Installing: /home/iryuu/ros2_ws/install/keyence_plc_driver/local/lib/python3.10/dist-packages/keyence_plc_ethernet_driver-0.1.0-py3.10.egg-info/dependency_links.txt
[1.625s] -- Installing: /home/iryuu/ros2_ws/install/keyence_plc_driver/local/lib/python3.10/dist-packages/keyence_plc_ethernet_driver-0.1.0-py3.10.egg-info/top_level.txt
[1.625s] -- Up-to-date: /home/iryuu/ros2_ws/install/keyence_plc_driver/local/lib/python3.10/dist-packages/keyence_plc_ethernet_driver
[1.625s] -- Up-to-date: /home/iryuu/ros2_ws/install/keyence_plc_driver/local/lib/python3.10/dist-packages/keyence_plc_ethernet_driver/__init__.py
[1.625s] -- Up-to-date: /home/iryuu/ros2_ws/install/keyence_plc_driver/local/lib/python3.10/dist-packages/keyence_plc_ethernet_driver/ethernet_driver.py
[1.645s] Listing '/home/iryuu/ros2_ws/install/keyence_plc_driver/local/lib/python3.10/dist-packages/keyence_plc_ethernet_driver'...
[1.648s] -- Up-to-date: /home/iryuu/ros2_ws/install/keyence_plc_driver/lib/keyence_plc_driver/AGV_control.py
[1.648s] -- Up-to-date: /home/iryuu/ros2_ws/install/keyence_plc_driver/lib/keyence_plc_driver/PLCconncectionProtocol.py
[1.648s] -- Up-to-date: /home/iryuu/ros2_ws/install/keyence_plc_driver/lib/keyence_plc_driver/camera_output_opencv.py
[1.648s] -- Up-to-date: /home/iryuu/ros2_ws/install/keyence_plc_driver/lib/keyence_plc_driver/lrtb2000c_driver.py
[1.648s] -- Up-to-date: /home/iryuu/ros2_ws/install/keyence_plc_driver/lib/keyence_plc_driver/robot_control.py
[1.648s] -- Installing: /home/iryuu/ros2_ws/install/keyence_plc_driver/lib/keyence_plc_driver/ros2_bridge_recv_pc.py
[1.648s] -- Installing: /home/iryuu/ros2_ws/install/keyence_plc_driver/lib/keyence_plc_driver/ros2_bridge_send_pc.py
[1.648s] -- Up-to-date: /home/iryuu/ros2_ws/install/keyence_plc_driver/share/keyence_plc_driver/launch
[1.648s] -- Up-to-date: /home/iryuu/ros2_ws/install/keyence_plc_driver/share/keyence_plc_driver/launch/lrtb2000c.launch
[1.648s] -- Up-to-date: /home/iryuu/ros2_ws/install/keyence_plc_driver/share/keyence_plc_driver/launch/ps4_reader.launch
[1.648s] -- Up-to-date: /home/iryuu/ros2_ws/install/keyence_plc_driver/share/keyence_plc_driver/launch/joint_controller.launch
[1.648s] -- Up-to-date: /home/iryuu/ros2_ws/install/keyence_plc_driver/share/keyence_plc_driver/launch/lrtb2000c.launch.py
[1.648s] -- Up-to-date: /home/iryuu/ros2_ws/install/keyence_plc_driver/share/keyence_plc_driver/package.xml
[1.648s] -- Installing: /home/iryuu/ros2_ws/install/keyence_plc_driver/share/ament_index/resource_index/package_run_dependencies/keyence_plc_driver
[1.648s] -- Installing: /home/iryuu/ros2_ws/install/keyence_plc_driver/share/ament_index/resource_index/parent_prefix_path/keyence_plc_driver
[1.648s] -- Up-to-date: /home/iryuu/ros2_ws/install/keyence_plc_driver/share/keyence_plc_driver/environment/ament_prefix_path.sh
[1.648s] -- Installing: /home/iryuu/ros2_ws/install/keyence_plc_driver/share/keyence_plc_driver/environment/ament_prefix_path.dsv
[1.649s] -- Up-to-date: /home/iryuu/ros2_ws/install/keyence_plc_driver/share/keyence_plc_driver/environment/path.sh
[1.649s] -- Installing: /home/iryuu/ros2_ws/install/keyence_plc_driver/share/keyence_plc_driver/environment/path.dsv
[1.649s] -- Installing: /home/iryuu/ros2_ws/install/keyence_plc_driver/share/keyence_plc_driver/local_setup.bash
[1.649s] -- Installing: /home/iryuu/ros2_ws/install/keyence_plc_driver/share/keyence_plc_driver/local_setup.sh
[1.649s] -- Installing: /home/iryuu/ros2_ws/install/keyence_plc_driver/share/keyence_plc_driver/local_setup.zsh
[1.649s] -- Installing: /home/iryuu/ros2_ws/install/keyence_plc_driver/share/keyence_plc_driver/local_setup.dsv
[1.649s] -- Installing: /home/iryuu/ros2_ws/install/keyence_plc_driver/share/keyence_plc_driver/package.dsv
[1.649s] -- Installing: /home/iryuu/ros2_ws/install/keyence_plc_driver/share/ament_index/resource_index/packages/keyence_plc_driver
[1.649s] -- Installing: /home/iryuu/ros2_ws/install/keyence_plc_driver/share/keyence_plc_driver/cmake/keyence_plc_driverConfig.cmake
[1.649s] -- Installing: /home/iryuu/ros2_ws/install/keyence_plc_driver/share/keyence_plc_driver/cmake/keyence_plc_driverConfig-version.cmake
[1.649s] -- Up-to-date: /home/iryuu/ros2_ws/install/keyence_plc_driver/share/keyence_plc_driver/package.xml
[1.650s] Invoked command in '/home/iryuu/ros2_ws/build/keyence_plc_driver' returned '0': CMAKE_PREFIX_PATH=/opt/ros/humble:${CMAKE_PREFIX_PATH} /usr/bin/cmake --install /home/iryuu/ros2_ws/build/keyence_plc_driver
