Built target ament_cmake_python_copy_keyence_plc_ethernet_driver
running egg_info
writing keyence_plc_ethernet_driver.egg-info/PKG-INFO
writing dependency_links to keyence_plc_ethernet_driver.egg-info/dependency_links.txt
writing top-level names to keyence_plc_ethernet_driver.egg-info/top_level.txt
reading manifest file 'keyence_plc_ethernet_driver.egg-info/SOURCES.txt'
writing manifest file 'keyence_plc_ethernet_driver.egg-info/SOURCES.txt'
Built target ament_cmake_python_build_keyence_plc_ethernet_driver_egg
-- Install configuration: ""
-- Up-to-date: /home/iryuu/ros2_ws/install/keyence_plc_driver/share/keyence_plc_driver/environment/pythonpath.sh
-- Up-to-date: /home/iryuu/ros2_ws/install/keyence_plc_driver/share/keyence_plc_driver/environment/pythonpath.dsv
-- Up-to-date: /home/iryuu/ros2_ws/install/keyence_plc_driver/local/lib/python3.10/dist-packages/keyence_plc_ethernet_driver-0.1.0-py3.10.egg-info
-- Installing: /home/iryuu/ros2_ws/install/keyence_plc_driver/local/lib/python3.10/dist-packages/keyence_plc_ethernet_driver-0.1.0-py3.10.egg-info/SOURCES.txt
-- Installing: /home/iryuu/ros2_ws/install/keyence_plc_driver/local/lib/python3.10/dist-packages/keyence_plc_ethernet_driver-0.1.0-py3.10.egg-info/PKG-INFO
-- Installing: /home/iryuu/ros2_ws/install/keyence_plc_driver/local/lib/python3.10/dist-packages/keyence_plc_ethernet_driver-0.1.0-py3.10.egg-info/dependency_links.txt
-- Installing: /home/iryuu/ros2_ws/install/keyence_plc_driver/local/lib/python3.10/dist-packages/keyence_plc_ethernet_driver-0.1.0-py3.10.egg-info/top_level.txt
-- Up-to-date: /home/iryuu/ros2_ws/install/keyence_plc_driver/local/lib/python3.10/dist-packages/keyence_plc_ethernet_driver
-- Up-to-date: /home/iryuu/ros2_ws/install/keyence_plc_driver/local/lib/python3.10/dist-packages/keyence_plc_ethernet_driver/__init__.py
-- Up-to-date: /home/iryuu/ros2_ws/install/keyence_plc_driver/local/lib/python3.10/dist-packages/keyence_plc_ethernet_driver/ethernet_driver.py
Listing '/home/iryuu/ros2_ws/install/keyence_plc_driver/local/lib/python3.10/dist-packages/keyence_plc_ethernet_driver'...
-- Installing: /home/iryuu/ros2_ws/install/keyence_plc_driver/lib/keyence_plc_driver/AGV_control.py
-- Up-to-date: /home/iryuu/ros2_ws/install/keyence_plc_driver/lib/keyence_plc_driver/PLCconncectionProtocol.py
-- Up-to-date: /home/iryuu/ros2_ws/install/keyence_plc_driver/lib/keyence_plc_driver/camera_output_opencv.py
-- Up-to-date: /home/iryuu/ros2_ws/install/keyence_plc_driver/lib/keyence_plc_driver/lrtb2000c_driver.py
-- Installing: /home/iryuu/ros2_ws/install/keyence_plc_driver/lib/keyence_plc_driver/robot_control.py
-- Up-to-date: /home/iryuu/ros2_ws/install/keyence_plc_driver/share/keyence_plc_driver/launch
-- Up-to-date: /home/iryuu/ros2_ws/install/keyence_plc_driver/share/keyence_plc_driver/launch/lrtb2000c.launch
-- Up-to-date: /home/iryuu/ros2_ws/install/keyence_plc_driver/share/keyence_plc_driver/launch/ps4_reader.launch
-- Up-to-date: /home/iryuu/ros2_ws/install/keyence_plc_driver/share/keyence_plc_driver/launch/joint_controller.launch
-- Up-to-date: /home/iryuu/ros2_ws/install/keyence_plc_driver/share/keyence_plc_driver/launch/lrtb2000c.launch.py
-- Up-to-date: /home/iryuu/ros2_ws/install/keyence_plc_driver/share/keyence_plc_driver/package.xml
-- Up-to-date: /home/iryuu/ros2_ws/install/keyence_plc_driver/share/ament_index/resource_index/package_run_dependencies/keyence_plc_driver
-- Up-to-date: /home/iryuu/ros2_ws/install/keyence_plc_driver/share/ament_index/resource_index/parent_prefix_path/keyence_plc_driver
-- Up-to-date: /home/iryuu/ros2_ws/install/keyence_plc_driver/share/keyence_plc_driver/environment/ament_prefix_path.sh
-- Up-to-date: /home/iryuu/ros2_ws/install/keyence_plc_driver/share/keyence_plc_driver/environment/ament_prefix_path.dsv
-- Up-to-date: /home/iryuu/ros2_ws/install/keyence_plc_driver/share/keyence_plc_driver/environment/path.sh
-- Up-to-date: /home/iryuu/ros2_ws/install/keyence_plc_driver/share/keyence_plc_driver/environment/path.dsv
-- Up-to-date: /home/iryuu/ros2_ws/install/keyence_plc_driver/share/keyence_plc_driver/local_setup.bash
-- Up-to-date: /home/iryuu/ros2_ws/install/keyence_plc_driver/share/keyence_plc_driver/local_setup.sh
-- Up-to-date: /home/iryuu/ros2_ws/install/keyence_plc_driver/share/keyence_plc_driver/local_setup.zsh
-- Up-to-date: /home/iryuu/ros2_ws/install/keyence_plc_driver/share/keyence_plc_driver/local_setup.dsv
-- Installing: /home/iryuu/ros2_ws/install/keyence_plc_driver/share/keyence_plc_driver/package.dsv
-- Up-to-date: /home/iryuu/ros2_ws/install/keyence_plc_driver/share/ament_index/resource_index/packages/keyence_plc_driver
-- Up-to-date: /home/iryuu/ros2_ws/install/keyence_plc_driver/share/keyence_plc_driver/cmake/keyence_plc_driverConfig.cmake
-- Up-to-date: /home/iryuu/ros2_ws/install/keyence_plc_driver/share/keyence_plc_driver/cmake/keyence_plc_driverConfig-version.cmake
-- Up-to-date: /home/iryuu/ros2_ws/install/keyence_plc_driver/share/keyence_plc_driver/package.xml
