[0.007s] Invoking command in '/home/iryuu/ros2_ws/build/keyence_plc_driver': CMAKE_PREFIX_PATH=/opt/ros/humble:${CMAKE_PREFIX_PATH} /usr/bin/cmake /home/iryuu/ros2_ws/src/keyence_plc_driver -DCMAKE_INSTALL_PREFIX=/home/iryuu/ros2_ws/install/keyence_plc_driver
[0.014s] -- Found ament_cmake: 1.3.13 (/opt/ros/humble/share/ament_cmake/cmake)
[0.088s] -- Found rclpy: 3.3.20 (/opt/ros/humble/share/rclpy/cmake)
[0.165s] -- Configuring done
[0.166s] -- Generating done
[0.167s] -- Build files have been written to: /home/iryuu/ros2_ws/build/keyence_plc_driver
[0.170s] Invoked command in '/home/iryuu/ros2_ws/build/keyence_plc_driver' returned '0': CMAKE_PREFIX_PATH=/opt/ros/humble:${CMAKE_PREFIX_PATH} /usr/bin/cmake /home/iryuu/ros2_ws/src/keyence_plc_driver -DCMAKE_INSTALL_PREFIX=/home/iryuu/ros2_ws/install/keyence_plc_driver
[0.171s] Invoking command in '/home/iryuu/ros2_ws/build/keyence_plc_driver': CMAKE_PREFIX_PATH=/opt/ros/humble:${CMAKE_PREFIX_PATH} /usr/bin/cmake --build /home/iryuu/ros2_ws/build/keyence_plc_driver -- -j20 -l20
[0.213s] Built target ament_cmake_python_copy_keyence_plc_ethernet_driver
[0.346s] running egg_info
[0.347s] writing keyence_plc_ethernet_driver.egg-info/PKG-INFO
[0.347s] writing dependency_links to keyence_plc_ethernet_driver.egg-info/dependency_links.txt
[0.347s] writing top-level names to keyence_plc_ethernet_driver.egg-info/top_level.txt
[0.348s] reading manifest file 'keyence_plc_ethernet_driver.egg-info/SOURCES.txt'
[0.348s] writing manifest file 'keyence_plc_ethernet_driver.egg-info/SOURCES.txt'
[0.364s] Built target ament_cmake_python_build_keyence_plc_ethernet_driver_egg
[0.372s] Invoked command in '/home/iryuu/ros2_ws/build/keyence_plc_driver' returned '0': CMAKE_PREFIX_PATH=/opt/ros/humble:${CMAKE_PREFIX_PATH} /usr/bin/cmake --build /home/iryuu/ros2_ws/build/keyence_plc_driver -- -j20 -l20
[0.380s] Invoking command in '/home/iryuu/ros2_ws/build/keyence_plc_driver': CMAKE_PREFIX_PATH=/opt/ros/humble:${CMAKE_PREFIX_PATH} /usr/bin/cmake --install /home/iryuu/ros2_ws/build/keyence_plc_driver
[0.384s] -- Install configuration: ""
[0.384s] -- Up-to-date: /home/iryuu/ros2_ws/install/keyence_plc_driver/share/keyence_plc_driver/environment/pythonpath.sh
[0.384s] -- Installing: /home/iryuu/ros2_ws/install/keyence_plc_driver/share/keyence_plc_driver/environment/pythonpath.dsv
[0.384s] -- Up-to-date: /home/iryuu/ros2_ws/install/keyence_plc_driver/local/lib/python3.10/dist-packages/keyence_plc_ethernet_driver-0.1.0-py3.10.egg-info
[0.384s] -- Installing: /home/iryuu/ros2_ws/install/keyence_plc_driver/local/lib/python3.10/dist-packages/keyence_plc_ethernet_driver-0.1.0-py3.10.egg-info/SOURCES.txt
[0.384s] -- Installing: /home/iryuu/ros2_ws/install/keyence_plc_driver/local/lib/python3.10/dist-packages/keyence_plc_ethernet_driver-0.1.0-py3.10.egg-info/PKG-INFO
[0.384s] -- Installing: /home/iryuu/ros2_ws/install/keyence_plc_driver/local/lib/python3.10/dist-packages/keyence_plc_ethernet_driver-0.1.0-py3.10.egg-info/dependency_links.txt
[0.384s] -- Installing: /home/iryuu/ros2_ws/install/keyence_plc_driver/local/lib/python3.10/dist-packages/keyence_plc_ethernet_driver-0.1.0-py3.10.egg-info/top_level.txt
[0.384s] -- Up-to-date: /home/iryuu/ros2_ws/install/keyence_plc_driver/local/lib/python3.10/dist-packages/keyence_plc_ethernet_driver
[0.384s] -- Up-to-date: /home/iryuu/ros2_ws/install/keyence_plc_driver/local/lib/python3.10/dist-packages/keyence_plc_ethernet_driver/__init__.py
[0.384s] -- Up-to-date: /home/iryuu/ros2_ws/install/keyence_plc_driver/local/lib/python3.10/dist-packages/keyence_plc_ethernet_driver/ethernet_driver.py
[0.403s] Listing '/home/iryuu/ros2_ws/install/keyence_plc_driver/local/lib/python3.10/dist-packages/keyence_plc_ethernet_driver'...
[0.406s] -- Up-to-date: /home/iryuu/ros2_ws/install/keyence_plc_driver/lib/keyence_plc_driver/AGV_control.py
[0.406s] -- Up-to-date: /home/iryuu/ros2_ws/install/keyence_plc_driver/lib/keyence_plc_driver/PLCconncectionProtocol.py
[0.406s] -- Up-to-date: /home/iryuu/ros2_ws/install/keyence_plc_driver/lib/keyence_plc_driver/camera_output_opencv.py
[0.406s] -- Up-to-date: /home/iryuu/ros2_ws/install/keyence_plc_driver/lib/keyence_plc_driver/lrtb2000c_driver.py
[0.406s] -- Up-to-date: /home/iryuu/ros2_ws/install/keyence_plc_driver/lib/keyence_plc_driver/robot_control.py
[0.406s] -- Up-to-date: /home/iryuu/ros2_ws/install/keyence_plc_driver/share/keyence_plc_driver/launch
[0.406s] -- Up-to-date: /home/iryuu/ros2_ws/install/keyence_plc_driver/share/keyence_plc_driver/launch/lrtb2000c.launch
[0.406s] -- Up-to-date: /home/iryuu/ros2_ws/install/keyence_plc_driver/share/keyence_plc_driver/launch/ps4_reader.launch
[0.406s] -- Up-to-date: /home/iryuu/ros2_ws/install/keyence_plc_driver/share/keyence_plc_driver/launch/joint_controller.launch
[0.406s] -- Installing: /home/iryuu/ros2_ws/install/keyence_plc_driver/share/keyence_plc_driver/package.xml
[0.406s] -- Installing: /home/iryuu/ros2_ws/install/keyence_plc_driver/share/ament_index/resource_index/package_run_dependencies/keyence_plc_driver
[0.406s] -- Up-to-date: /home/iryuu/ros2_ws/install/keyence_plc_driver/share/ament_index/resource_index/parent_prefix_path/keyence_plc_driver
[0.406s] -- Up-to-date: /home/iryuu/ros2_ws/install/keyence_plc_driver/share/keyence_plc_driver/environment/ament_prefix_path.sh
[0.406s] -- Installing: /home/iryuu/ros2_ws/install/keyence_plc_driver/share/keyence_plc_driver/environment/ament_prefix_path.dsv
[0.406s] -- Up-to-date: /home/iryuu/ros2_ws/install/keyence_plc_driver/share/keyence_plc_driver/environment/path.sh
[0.406s] -- Installing: /home/iryuu/ros2_ws/install/keyence_plc_driver/share/keyence_plc_driver/environment/path.dsv
[0.406s] -- Up-to-date: /home/iryuu/ros2_ws/install/keyence_plc_driver/share/keyence_plc_driver/local_setup.bash
[0.406s] -- Up-to-date: /home/iryuu/ros2_ws/install/keyence_plc_driver/share/keyence_plc_driver/local_setup.sh
[0.406s] -- Up-to-date: /home/iryuu/ros2_ws/install/keyence_plc_driver/share/keyence_plc_driver/local_setup.zsh
[0.406s] -- Installing: /home/iryuu/ros2_ws/install/keyence_plc_driver/share/keyence_plc_driver/local_setup.dsv
[0.406s] -- Installing: /home/iryuu/ros2_ws/install/keyence_plc_driver/share/keyence_plc_driver/package.dsv
[0.406s] -- Up-to-date: /home/iryuu/ros2_ws/install/keyence_plc_driver/share/ament_index/resource_index/packages/keyence_plc_driver
[0.406s] -- Up-to-date: /home/iryuu/ros2_ws/install/keyence_plc_driver/share/keyence_plc_driver/cmake/keyence_plc_driverConfig.cmake
[0.406s] -- Up-to-date: /home/iryuu/ros2_ws/install/keyence_plc_driver/share/keyence_plc_driver/cmake/keyence_plc_driverConfig-version.cmake
[0.406s] -- Up-to-date: /home/iryuu/ros2_ws/install/keyence_plc_driver/share/keyence_plc_driver/package.xml
[0.407s] Invoked command in '/home/iryuu/ros2_ws/build/keyence_plc_driver' returned '0': CMAKE_PREFIX_PATH=/opt/ros/humble:${CMAKE_PREFIX_PATH} /usr/bin/cmake --install /home/iryuu/ros2_ws/build/keyence_plc_driver
