[0.005s] Invoking command in '/home/iryuu/ros2_ws/build/keyence_plc_driver': /usr/bin/cmake --build /home/iryuu/ros2_ws/build/keyence_plc_driver -- -j20 -l20
[0.021s] -- Found ament_cmake: 1.3.13 (/opt/ros/humble/share/ament_cmake/cmake)
[0.097s] -- Found rclpy: 3.3.20 (/opt/ros/humble/share/rclpy/cmake)
[0.169s] -- Configuring done
[0.171s] -- Generating done
[0.172s] -- Build files have been written to: /home/iryuu/ros2_ws/build/keyence_plc_driver
[0.201s] Built target ament_cmake_python_copy_keyence_plc_ethernet_driver
[0.338s] running egg_info
[0.338s] writing keyence_plc_ethernet_driver.egg-info/PKG-INFO
[0.338s] writing dependency_links to keyence_plc_ethernet_driver.egg-info/dependency_links.txt
[0.338s] writing top-level names to keyence_plc_ethernet_driver.egg-info/top_level.txt
[0.339s] reading manifest file 'keyence_plc_ethernet_driver.egg-info/SOURCES.txt'
[0.340s] writing manifest file 'keyence_plc_ethernet_driver.egg-info/SOURCES.txt'
[0.356s] Built target ament_cmake_python_build_keyence_plc_ethernet_driver_egg
[0.363s] Invoked command in '/home/iryuu/ros2_ws/build/keyence_plc_driver' returned '0': /usr/bin/cmake --build /home/iryuu/ros2_ws/build/keyence_plc_driver -- -j20 -l20
[0.370s] Invoking command in '/home/iryuu/ros2_ws/build/keyence_plc_driver': /usr/bin/cmake --install /home/iryuu/ros2_ws/build/keyence_plc_driver
[0.374s] -- Install configuration: ""
[0.374s] -- Up-to-date: /home/iryuu/ros2_ws/install/keyence_plc_driver/share/keyence_plc_driver/environment/pythonpath.sh
[0.374s] -- Installing: /home/iryuu/ros2_ws/install/keyence_plc_driver/share/keyence_plc_driver/environment/pythonpath.dsv
[0.374s] -- Up-to-date: /home/iryuu/ros2_ws/install/keyence_plc_driver/local/lib/python3.10/dist-packages/keyence_plc_ethernet_driver-0.1.0-py3.10.egg-info
[0.374s] -- Installing: /home/iryuu/ros2_ws/install/keyence_plc_driver/local/lib/python3.10/dist-packages/keyence_plc_ethernet_driver-0.1.0-py3.10.egg-info/SOURCES.txt
[0.374s] -- Installing: /home/iryuu/ros2_ws/install/keyence_plc_driver/local/lib/python3.10/dist-packages/keyence_plc_ethernet_driver-0.1.0-py3.10.egg-info/PKG-INFO
[0.374s] -- Installing: /home/iryuu/ros2_ws/install/keyence_plc_driver/local/lib/python3.10/dist-packages/keyence_plc_ethernet_driver-0.1.0-py3.10.egg-info/dependency_links.txt
[0.374s] -- Installing: /home/iryuu/ros2_ws/install/keyence_plc_driver/local/lib/python3.10/dist-packages/keyence_plc_ethernet_driver-0.1.0-py3.10.egg-info/top_level.txt
[0.374s] -- Up-to-date: /home/iryuu/ros2_ws/install/keyence_plc_driver/local/lib/python3.10/dist-packages/keyence_plc_ethernet_driver
[0.374s] -- Up-to-date: /home/iryuu/ros2_ws/install/keyence_plc_driver/local/lib/python3.10/dist-packages/keyence_plc_ethernet_driver/__init__.py
[0.374s] -- Up-to-date: /home/iryuu/ros2_ws/install/keyence_plc_driver/local/lib/python3.10/dist-packages/keyence_plc_ethernet_driver/ethernet_driver.py
[0.394s] Listing '/home/iryuu/ros2_ws/install/keyence_plc_driver/local/lib/python3.10/dist-packages/keyence_plc_ethernet_driver'...
[0.396s] -- Installing: /home/iryuu/ros2_ws/install/keyence_plc_driver/lib/keyence_plc_driver/AGV_control.py
[0.396s] -- Installing: /home/iryuu/ros2_ws/install/keyence_plc_driver/lib/keyence_plc_driver/PLCconncectionProtocol.py
[0.396s] -- Installing: /home/iryuu/ros2_ws/install/keyence_plc_driver/lib/keyence_plc_driver/camera_output_opencv.py
[0.396s] -- Up-to-date: /home/iryuu/ros2_ws/install/keyence_plc_driver/lib/keyence_plc_driver/lrtb2000c_driver.py
[0.396s] -- Installing: /home/iryuu/ros2_ws/install/keyence_plc_driver/lib/keyence_plc_driver/robot_control.py
[0.397s] -- Installing: /home/iryuu/ros2_ws/install/keyence_plc_driver/share/keyence_plc_driver/launch
[0.397s] -- Installing: /home/iryuu/ros2_ws/install/keyence_plc_driver/share/keyence_plc_driver/launch/lrtb2000c.launch
[0.397s] -- Installing: /home/iryuu/ros2_ws/install/keyence_plc_driver/share/keyence_plc_driver/launch/ps4_reader.launch
[0.397s] -- Installing: /home/iryuu/ros2_ws/install/keyence_plc_driver/share/keyence_plc_driver/launch/joint_controller.launch
[0.397s] -- Installing: /home/iryuu/ros2_ws/install/keyence_plc_driver/share/keyence_plc_driver/package.xml
[0.397s] -- Installing: /home/iryuu/ros2_ws/install/keyence_plc_driver/share/ament_index/resource_index/package_run_dependencies/keyence_plc_driver
[0.397s] -- Installing: /home/iryuu/ros2_ws/install/keyence_plc_driver/share/ament_index/resource_index/parent_prefix_path/keyence_plc_driver
[0.397s] -- Installing: /home/iryuu/ros2_ws/install/keyence_plc_driver/share/keyence_plc_driver/environment/ament_prefix_path.sh
[0.397s] -- Installing: /home/iryuu/ros2_ws/install/keyence_plc_driver/share/keyence_plc_driver/environment/ament_prefix_path.dsv
[0.397s] -- Installing: /home/iryuu/ros2_ws/install/keyence_plc_driver/share/keyence_plc_driver/environment/path.sh
[0.397s] -- Installing: /home/iryuu/ros2_ws/install/keyence_plc_driver/share/keyence_plc_driver/environment/path.dsv
[0.397s] -- Installing: /home/iryuu/ros2_ws/install/keyence_plc_driver/share/keyence_plc_driver/local_setup.bash
[0.397s] -- Installing: /home/iryuu/ros2_ws/install/keyence_plc_driver/share/keyence_plc_driver/local_setup.sh
[0.398s] -- Installing: /home/iryuu/ros2_ws/install/keyence_plc_driver/share/keyence_plc_driver/local_setup.zsh
[0.398s] -- Installing: /home/iryuu/ros2_ws/install/keyence_plc_driver/share/keyence_plc_driver/local_setup.dsv
[0.398s] -- Installing: /home/iryuu/ros2_ws/install/keyence_plc_driver/share/keyence_plc_driver/package.dsv
[0.398s] -- Installing: /home/iryuu/ros2_ws/install/keyence_plc_driver/share/ament_index/resource_index/packages/keyence_plc_driver
[0.398s] -- Installing: /home/iryuu/ros2_ws/install/keyence_plc_driver/share/keyence_plc_driver/cmake/keyence_plc_driverConfig.cmake
[0.398s] -- Installing: /home/iryuu/ros2_ws/install/keyence_plc_driver/share/keyence_plc_driver/cmake/keyence_plc_driverConfig-version.cmake
[0.398s] -- Up-to-date: /home/iryuu/ros2_ws/install/keyence_plc_driver/share/keyence_plc_driver/package.xml
[0.399s] Invoked command in '/home/iryuu/ros2_ws/build/keyence_plc_driver' returned '0': /usr/bin/cmake --install /home/iryuu/ros2_ws/build/keyence_plc_driver
