Built target ament_cmake_python_copy_keyence_plc_ethernet_driver
running egg_info
writing keyence_plc_ethernet_driver.egg-info/PKG-INFO
writing dependency_links to keyence_plc_ethernet_driver.egg-info/dependency_links.txt
writing top-level names to keyence_plc_ethernet_driver.egg-info/top_level.txt
reading manifest file 'keyence_plc_ethernet_driver.egg-info/SOURCES.txt'
writing manifest file 'keyence_plc_ethernet_driver.egg-info/SOURCES.txt'
Built target ament_cmake_python_build_keyence_plc_ethernet_driver_egg
-- Install configuration: ""
-- Up-to-date: /home/iryuu/ros2_ws/install/keyence_plc_driver/share/keyence_plc_driver/environment/pythonpath.sh
-- Up-to-date: /home/iryuu/ros2_ws/install/keyence_plc_driver/share/keyence_plc_driver/environment/pythonpath.dsv
-- Up-to-date: /home/iryuu/ros2_ws/install/keyence_plc_driver/local/lib/python3.10/dist-packages/keyence_plc_ethernet_driver-0.1.0-py3.10.egg-info
-- Installing: /home/iryuu/ros2_ws/install/keyence_plc_driver/local/lib/python3.10/dist-packages/keyence_plc_ethernet_driver-0.1.0-py3.10.egg-info/SOURCES.txt
-- Installing: /home/iryuu/ros2_ws/install/keyence_plc_driver/local/lib/python3.10/dist-packages/keyence_plc_ethernet_driver-0.1.0-py3.10.egg-info/PKG-INFO
-- Installing: /home/iryuu/ros2_ws/install/keyence_plc_driver/local/lib/python3.10/dist-packages/keyence_plc_ethernet_driver-0.1.0-py3.10.egg-info/dependency_links.txt
-- Installing: /home/iryuu/ros2_ws/install/keyence_plc_driver/local/lib/python3.10/dist-packages/keyence_plc_ethernet_driver-0.1.0-py3.10.egg-info/top_level.txt
-- Up-to-date: /home/iryuu/ros2_ws/install/keyence_plc_driver/local/lib/python3.10/dist-packages/keyence_plc_ethernet_driver
-- Up-to-date: /home/iryuu/ros2_ws/install/keyence_plc_driver/local/lib/python3.10/dist-packages/keyence_plc_ethernet_driver/__init__.py
-- Up-to-date: /home/iryuu/ros2_ws/install/keyence_plc_driver/local/lib/python3.10/dist-packages/keyence_plc_ethernet_driver/ethernet_driver.py
Listing '/home/iryuu/ros2_ws/install/keyence_plc_driver/local/lib/python3.10/dist-packages/keyence_plc_ethernet_driver'...
-- Installing: /home/iryuu/ros2_ws/install/keyence_plc_driver/lib/keyence_plc_driver/lrtb2000c_driver.py
